time="2025-04-10T20:47:29-04:00" level=info msg="Connecting to Timeplus at localhost:8464 (workspace: default)"
time="2025-04-10T20:47:29-04:00" level=info msg="Connecting to Timeplus native protocol at localhost:8464"
time="2025-04-10T20:47:29-04:00" level=info msg="Alert Gateway: Successfully connected to Timeplus."
time="2025-04-10T20:47:29-04:00" level=info msg="Setting up mutable alert acknowledgments stream"
time="2025-04-10T20:47:29-04:00" level=info msg="Mutable alert acknowledgments stream already exists"
time="2025-04-10T20:47:29-04:00" level=info msg="Starting server on port 8081"

   ____    __
  / __/___/ /  ___
 / _// __/ _ \/ _ \
/___/\__/_//_/\___/ v4.13.3
High performance, minimalist Go web framework
https://echo.labstack.com
____________________________________O/_______
                                    O\
⇨ http server started on [::]:8081
{"time":"2025-04-10T20:47:33.925913-04:00","id":"","remote_ip":"::1","host":"localhost:8081","method":"POST","uri":"/api/rules","user_agent":"curl/8.4.0","status":201,"error":"","latency":8331625,"latency_human":"8.331625ms","bytes_in":182,"bytes_out":472}
time="2025-04-10T20:47:38-04:00" level=info msg="Setting up mutable alert acknowledgments stream"
time="2025-04-10T20:47:38-04:00" level=info msg="Setting up mutable alert acknowledgments stream"
time="2025-04-10T20:47:38-04:00" level=info msg="Mutable alert acknowledgments stream already exists"
time="2025-04-10T20:47:38-04:00" level=info msg="Creating materialized view with query: SELECT temperature, device_id FROM device_temperatures WHERE temperature > 35"
time="2025-04-10T20:47:38-04:00" level=info msg="Executing materialized view creation query (with wrapper): CREATE MATERIALIZED VIEW `rule_240b8724_bf36_4810_8591_2e205e7fd180_view` INTO `rule_240b8724_bf36_4810_8591_2e205e7fd180_results` AS SELECT temperature, device_id FROM device_temperatures WHERE temperature > 35"
time="2025-04-10T20:47:38-04:00" level=warning msg="Attempt 1 to create view failed: code: 60, message: Target stream is not found default.rule_240b8724_bf36_4810_8591_2e205e7fd180_results"
time="2025-04-10T20:47:38-04:00" level=warning msg="Attempt 2 to create view failed: code: 60, message: Target stream is not found default.rule_240b8724_bf36_4810_8591_2e205e7fd180_results"
time="2025-04-10T20:47:39-04:00" level=warning msg="Attempt 3 to create view failed: code: 60, message: Target stream is not found default.rule_240b8724_bf36_4810_8591_2e205e7fd180_results"
time="2025-04-10T20:47:39-04:00" level=warning msg="Attempt 1 to create view failed: failed to create materialized view after multiple attempts: code: 60, message: Target stream is not found default.rule_240b8724_bf36_4810_8591_2e205e7fd180_results"
time="2025-04-10T20:47:40-04:00" level=info msg="Executing materialized view creation query (with wrapper): CREATE MATERIALIZED VIEW `rule_240b8724_bf36_4810_8591_2e205e7fd180_view` INTO `rule_240b8724_bf36_4810_8591_2e205e7fd180_results` AS SELECT temperature, device_id FROM device_temperatures WHERE temperature > 35"
time="2025-04-10T20:47:40-04:00" level=warning msg="Attempt 1 to create view failed: code: 60, message: Target stream is not found default.rule_240b8724_bf36_4810_8591_2e205e7fd180_results"
time="2025-04-10T20:47:41-04:00" level=warning msg="Attempt 2 to create view failed: code: 60, message: Target stream is not found default.rule_240b8724_bf36_4810_8591_2e205e7fd180_results"
time="2025-04-10T20:47:41-04:00" level=warning msg="Attempt 3 to create view failed: code: 60, message: Target stream is not found default.rule_240b8724_bf36_4810_8591_2e205e7fd180_results"
time="2025-04-10T20:47:42-04:00" level=warning msg="Attempt 2 to create view failed: failed to create materialized view after multiple attempts: code: 60, message: Target stream is not found default.rule_240b8724_bf36_4810_8591_2e205e7fd180_results"
time="2025-04-10T20:47:43-04:00" level=info msg="Executing materialized view creation query (with wrapper): CREATE MATERIALIZED VIEW `rule_240b8724_bf36_4810_8591_2e205e7fd180_view` INTO `rule_240b8724_bf36_4810_8591_2e205e7fd180_results` AS SELECT temperature, device_id FROM device_temperatures WHERE temperature > 35"
time="2025-04-10T20:47:43-04:00" level=warning msg="Attempt 1 to create view failed: code: 60, message: Target stream is not found default.rule_240b8724_bf36_4810_8591_2e205e7fd180_results"
time="2025-04-10T20:47:43-04:00" level=warning msg="Attempt 2 to create view failed: code: 60, message: Target stream is not found default.rule_240b8724_bf36_4810_8591_2e205e7fd180_results"
time="2025-04-10T20:47:44-04:00" level=warning msg="Attempt 3 to create view failed: code: 60, message: Target stream is not found default.rule_240b8724_bf36_4810_8591_2e205e7fd180_results"
time="2025-04-10T20:47:44-04:00" level=warning msg="Attempt 3 to create view failed: failed to create materialized view after multiple attempts: code: 60, message: Target stream is not found default.rule_240b8724_bf36_4810_8591_2e205e7fd180_results"
time="2025-04-10T20:47:45-04:00" level=error msg="Error starting rule 240b8724-bf36-4810-8591-2e205e7fd180: failed to create materialized view: failed to create materialized view after multiple attempts: code: 60, message: Target stream is not found default.rule_240b8724_bf36_4810_8591_2e205e7fd180_results"
{"time":"2025-04-10T20:47:45.844112-04:00","id":"","remote_ip":"::1","host":"localhost:8081","method":"POST","uri":"/api/rules/240b8724-bf36-4810-8591-2e205e7fd180/start","user_agent":"curl/8.4.0","status":500,"error":"","latency":7675436458,"latency_human":"7.675436458s","bytes_in":0,"bytes_out":234}
{"time":"2025-04-10T20:49:26.750091-04:00","id":"","remote_ip":"::1","host":"localhost:8081","method":"POST","uri":"/api/rules","user_agent":"curl/8.4.0","status":201,"error":"","latency":12423875,"latency_human":"12.423875ms","bytes_in":196,"bytes_out":486}
time="2025-04-10T20:49:34-04:00" level=info msg="Setting up mutable alert acknowledgments stream"
time="2025-04-10T20:49:34-04:00" level=info msg="Setting up mutable alert acknowledgments stream"
time="2025-04-10T20:49:34-04:00" level=info msg="Mutable alert acknowledgments stream already exists"
time="2025-04-10T20:49:34-04:00" level=info msg="Creating materialized view with query: SELECT temperature, device_id FROM device_temperatures WHERE temperature > 30"
time="2025-04-10T20:49:34-04:00" level=info msg="Executing materialized view creation query (with wrapper): CREATE MATERIALIZED VIEW `rule_296297fc_fa2d_4bd4_bb06_e7cac43f2174_view` INTO `rule_296297fc_fa2d_4bd4_bb06_e7cac43f2174_results` AS SELECT temperature, device_id FROM device_temperatures WHERE temperature > 30"
time="2025-04-10T20:49:34-04:00" level=warning msg="Attempt 1 to create view failed: code: 60, message: Target stream is not found default.rule_296297fc_fa2d_4bd4_bb06_e7cac43f2174_results"
time="2025-04-10T20:49:35-04:00" level=warning msg="Attempt 2 to create view failed: code: 60, message: Target stream is not found default.rule_296297fc_fa2d_4bd4_bb06_e7cac43f2174_results"
time="2025-04-10T20:49:35-04:00" level=warning msg="Attempt 3 to create view failed: code: 60, message: Target stream is not found default.rule_296297fc_fa2d_4bd4_bb06_e7cac43f2174_results"
time="2025-04-10T20:49:36-04:00" level=warning msg="Attempt 1 to create view failed: failed to create materialized view after multiple attempts: code: 60, message: Target stream is not found default.rule_296297fc_fa2d_4bd4_bb06_e7cac43f2174_results"
time="2025-04-10T20:49:37-04:00" level=info msg="Executing materialized view creation query (with wrapper): CREATE MATERIALIZED VIEW `rule_296297fc_fa2d_4bd4_bb06_e7cac43f2174_view` INTO `rule_296297fc_fa2d_4bd4_bb06_e7cac43f2174_results` AS SELECT temperature, device_id FROM device_temperatures WHERE temperature > 30"
time="2025-04-10T20:49:37-04:00" level=warning msg="Attempt 1 to create view failed: code: 60, message: Target stream is not found default.rule_296297fc_fa2d_4bd4_bb06_e7cac43f2174_results"
time="2025-04-10T20:49:37-04:00" level=warning msg="Attempt 2 to create view failed: code: 60, message: Target stream is not found default.rule_296297fc_fa2d_4bd4_bb06_e7cac43f2174_results"
time="2025-04-10T20:49:38-04:00" level=warning msg="Attempt 3 to create view failed: code: 60, message: Target stream is not found default.rule_296297fc_fa2d_4bd4_bb06_e7cac43f2174_results"
time="2025-04-10T20:49:38-04:00" level=warning msg="Attempt 2 to create view failed: failed to create materialized view after multiple attempts: code: 60, message: Target stream is not found default.rule_296297fc_fa2d_4bd4_bb06_e7cac43f2174_results"
time="2025-04-10T20:49:39-04:00" level=info msg="Executing materialized view creation query (with wrapper): CREATE MATERIALIZED VIEW `rule_296297fc_fa2d_4bd4_bb06_e7cac43f2174_view` INTO `rule_296297fc_fa2d_4bd4_bb06_e7cac43f2174_results` AS SELECT temperature, device_id FROM device_temperatures WHERE temperature > 30"
time="2025-04-10T20:49:39-04:00" level=warning msg="Attempt 1 to create view failed: code: 60, message: Target stream is not found default.rule_296297fc_fa2d_4bd4_bb06_e7cac43f2174_results"
time="2025-04-10T20:49:40-04:00" level=warning msg="Attempt 2 to create view failed: code: 60, message: Target stream is not found default.rule_296297fc_fa2d_4bd4_bb06_e7cac43f2174_results"
time="2025-04-10T20:49:40-04:00" level=warning msg="Attempt 3 to create view failed: code: 60, message: Target stream is not found default.rule_296297fc_fa2d_4bd4_bb06_e7cac43f2174_results"
time="2025-04-10T20:49:41-04:00" level=warning msg="Attempt 3 to create view failed: failed to create materialized view after multiple attempts: code: 60, message: Target stream is not found default.rule_296297fc_fa2d_4bd4_bb06_e7cac43f2174_results"
time="2025-04-10T20:49:42-04:00" level=error msg="Error starting rule 296297fc-fa2d-4bd4-bb06-e7cac43f2174: failed to create materialized view: failed to create materialized view after multiple attempts: code: 60, message: Target stream is not found default.rule_296297fc_fa2d_4bd4_bb06_e7cac43f2174_results"
{"time":"2025-04-10T20:49:42.164217-04:00","id":"","remote_ip":"::1","host":"localhost:8081","method":"POST","uri":"/api/rules/296297fc-fa2d-4bd4-bb06-e7cac43f2174/start","user_agent":"curl/8.4.0","status":500,"error":"","latency":7652178833,"latency_human":"7.652178833s","bytes_in":0,"bytes_out":234}
{"time":"2025-04-10T20:50:16.119667-04:00","id":"","remote_ip":"::1","host":"localhost:8081","method":"POST","uri":"/api/rules","user_agent":"curl/8.4.0","status":201,"error":"","latency":12895042,"latency_human":"12.895042ms","bytes_in":179,"bytes_out":469}
time="2025-04-10T20:50:19-04:00" level=info msg="Setting up mutable alert acknowledgments stream"
time="2025-04-10T20:50:19-04:00" level=info msg="Setting up mutable alert acknowledgments stream"
time="2025-04-10T20:50:19-04:00" level=info msg="Mutable alert acknowledgments stream already exists"
time="2025-04-10T20:50:19-04:00" level=info msg="Creating materialized view with query: SELECT temperature, device_id FROM device_temperatures WHERE temperature > 30"
time="2025-04-10T20:50:19-04:00" level=info msg="Executing materialized view creation query (with wrapper): CREATE MATERIALIZED VIEW `rule_d3400869_f870_46a7_ab9b_cc9d81a39cd6_view` INTO `rule_d3400869_f870_46a7_ab9b_cc9d81a39cd6_results` AS SELECT temperature, device_id FROM device_temperatures WHERE temperature > 30"
time="2025-04-10T20:50:19-04:00" level=warning msg="Attempt 1 to create view failed: code: 60, message: Target stream is not found default.rule_d3400869_f870_46a7_ab9b_cc9d81a39cd6_results"
time="2025-04-10T20:50:19-04:00" level=warning msg="Attempt 2 to create view failed: code: 60, message: Target stream is not found default.rule_d3400869_f870_46a7_ab9b_cc9d81a39cd6_results"
time="2025-04-10T20:50:20-04:00" level=warning msg="Attempt 3 to create view failed: code: 60, message: Target stream is not found default.rule_d3400869_f870_46a7_ab9b_cc9d81a39cd6_results"
time="2025-04-10T20:50:20-04:00" level=warning msg="Attempt 1 to create view failed: failed to create materialized view after multiple attempts: code: 60, message: Target stream is not found default.rule_d3400869_f870_46a7_ab9b_cc9d81a39cd6_results"
time="2025-04-10T20:50:21-04:00" level=info msg="Executing materialized view creation query (with wrapper): CREATE MATERIALIZED VIEW `rule_d3400869_f870_46a7_ab9b_cc9d81a39cd6_view` INTO `rule_d3400869_f870_46a7_ab9b_cc9d81a39cd6_results` AS SELECT temperature, device_id FROM device_temperatures WHERE temperature > 30"
time="2025-04-10T20:50:21-04:00" level=warning msg="Attempt 1 to create view failed: code: 60, message: Target stream is not found default.rule_d3400869_f870_46a7_ab9b_cc9d81a39cd6_results"
time="2025-04-10T20:50:22-04:00" level=warning msg="Attempt 2 to create view failed: code: 60, message: Target stream is not found default.rule_d3400869_f870_46a7_ab9b_cc9d81a39cd6_results"
time="2025-04-10T20:50:22-04:00" level=warning msg="Attempt 3 to create view failed: code: 60, message: Target stream is not found default.rule_d3400869_f870_46a7_ab9b_cc9d81a39cd6_results"
time="2025-04-10T20:50:23-04:00" level=warning msg="Attempt 2 to create view failed: failed to create materialized view after multiple attempts: code: 60, message: Target stream is not found default.rule_d3400869_f870_46a7_ab9b_cc9d81a39cd6_results"
time="2025-04-10T20:50:24-04:00" level=info msg="Executing materialized view creation query (with wrapper): CREATE MATERIALIZED VIEW `rule_d3400869_f870_46a7_ab9b_cc9d81a39cd6_view` INTO `rule_d3400869_f870_46a7_ab9b_cc9d81a39cd6_results` AS SELECT temperature, device_id FROM device_temperatures WHERE temperature > 30"
time="2025-04-10T20:50:24-04:00" level=warning msg="Attempt 1 to create view failed: code: 60, message: Target stream is not found default.rule_d3400869_f870_46a7_ab9b_cc9d81a39cd6_results"
time="2025-04-10T20:50:24-04:00" level=warning msg="Attempt 2 to create view failed: code: 60, message: Target stream is not found default.rule_d3400869_f870_46a7_ab9b_cc9d81a39cd6_results"
time="2025-04-10T20:50:25-04:00" level=warning msg="Attempt 3 to create view failed: code: 60, message: Target stream is not found default.rule_d3400869_f870_46a7_ab9b_cc9d81a39cd6_results"
time="2025-04-10T20:50:25-04:00" level=warning msg="Attempt 3 to create view failed: failed to create materialized view after multiple attempts: code: 60, message: Target stream is not found default.rule_d3400869_f870_46a7_ab9b_cc9d81a39cd6_results"
time="2025-04-10T20:50:26-04:00" level=error msg="Error starting rule d3400869-f870-46a7-ab9b-cc9d81a39cd6: failed to create materialized view: failed to create materialized view after multiple attempts: code: 60, message: Target stream is not found default.rule_d3400869_f870_46a7_ab9b_cc9d81a39cd6_results"
{"time":"2025-04-10T20:50:26.915519-04:00","id":"","remote_ip":"::1","host":"localhost:8081","method":"POST","uri":"/api/rules/d3400869-f870-46a7-ab9b-cc9d81a39cd6/start","user_agent":"curl/8.4.0","status":500,"error":"","latency":7656318167,"latency_human":"7.656318167s","bytes_in":0,"bytes_out":234}
{"time":"2025-04-10T20:50:40.755043-04:00","id":"","remote_ip":"::1","host":"localhost:8081","method":"POST","uri":"/api/rules","user_agent":"curl/8.4.0","status":201,"error":"","latency":10114875,"latency_human":"10.114875ms","bytes_in":177,"bytes_out":465}
time="2025-04-10T20:50:43-04:00" level=info msg="Setting up mutable alert acknowledgments stream"
time="2025-04-10T20:50:43-04:00" level=info msg="Setting up mutable alert acknowledgments stream"
time="2025-04-10T20:50:43-04:00" level=info msg="Mutable alert acknowledgments stream already exists"
time="2025-04-10T20:50:43-04:00" level=info msg="Creating materialized view with query: SELECT temperature, device_id FROM device_temperatures WHERE temperature > 32"
time="2025-04-10T20:50:43-04:00" level=info msg="Executing materialized view creation query (with wrapper): CREATE MATERIALIZED VIEW `rule_0d50982c_7f12_42ad_bdbf_1f8ce26375ba_view` INTO `rule_0d50982c_7f12_42ad_bdbf_1f8ce26375ba_results` AS SELECT temperature, device_id FROM device_temperatures WHERE temperature > 32"
time="2025-04-10T20:50:43-04:00" level=warning msg="Attempt 1 to create view failed: code: 60, message: Target stream is not found default.rule_0d50982c_7f12_42ad_bdbf_1f8ce26375ba_results"
time="2025-04-10T20:50:44-04:00" level=warning msg="Attempt 2 to create view failed: code: 60, message: Target stream is not found default.rule_0d50982c_7f12_42ad_bdbf_1f8ce26375ba_results"
time="2025-04-10T20:50:44-04:00" level=warning msg="Attempt 3 to create view failed: code: 60, message: Target stream is not found default.rule_0d50982c_7f12_42ad_bdbf_1f8ce26375ba_results"
time="2025-04-10T20:50:45-04:00" level=warning msg="Attempt 1 to create view failed: failed to create materialized view after multiple attempts: code: 60, message: Target stream is not found default.rule_0d50982c_7f12_42ad_bdbf_1f8ce26375ba_results"
time="2025-04-10T20:50:46-04:00" level=info msg="Executing materialized view creation query (with wrapper): CREATE MATERIALIZED VIEW `rule_0d50982c_7f12_42ad_bdbf_1f8ce26375ba_view` INTO `rule_0d50982c_7f12_42ad_bdbf_1f8ce26375ba_results` AS SELECT temperature, device_id FROM device_temperatures WHERE temperature > 32"
time="2025-04-10T20:50:46-04:00" level=warning msg="Attempt 1 to create view failed: code: 60, message: Target stream is not found default.rule_0d50982c_7f12_42ad_bdbf_1f8ce26375ba_results"
time="2025-04-10T20:50:46-04:00" level=warning msg="Attempt 2 to create view failed: code: 60, message: Target stream is not found default.rule_0d50982c_7f12_42ad_bdbf_1f8ce26375ba_results"
time="2025-04-10T20:50:47-04:00" level=warning msg="Attempt 3 to create view failed: code: 60, message: Target stream is not found default.rule_0d50982c_7f12_42ad_bdbf_1f8ce26375ba_results"
time="2025-04-10T20:50:47-04:00" level=warning msg="Attempt 2 to create view failed: failed to create materialized view after multiple attempts: code: 60, message: Target stream is not found default.rule_0d50982c_7f12_42ad_bdbf_1f8ce26375ba_results"
time="2025-04-10T20:50:48-04:00" level=info msg="Executing materialized view creation query (with wrapper): CREATE MATERIALIZED VIEW `rule_0d50982c_7f12_42ad_bdbf_1f8ce26375ba_view` INTO `rule_0d50982c_7f12_42ad_bdbf_1f8ce26375ba_results` AS SELECT temperature, device_id FROM device_temperatures WHERE temperature > 32"
time="2025-04-10T20:50:48-04:00" level=warning msg="Attempt 1 to create view failed: code: 60, message: Target stream is not found default.rule_0d50982c_7f12_42ad_bdbf_1f8ce26375ba_results"
time="2025-04-10T20:50:49-04:00" level=warning msg="Attempt 2 to create view failed: code: 60, message: Target stream is not found default.rule_0d50982c_7f12_42ad_bdbf_1f8ce26375ba_results"
time="2025-04-10T20:50:49-04:00" level=warning msg="Attempt 3 to create view failed: code: 60, message: Target stream is not found default.rule_0d50982c_7f12_42ad_bdbf_1f8ce26375ba_results"
time="2025-04-10T20:50:50-04:00" level=warning msg="Attempt 3 to create view failed: failed to create materialized view after multiple attempts: code: 60, message: Target stream is not found default.rule_0d50982c_7f12_42ad_bdbf_1f8ce26375ba_results"
time="2025-04-10T20:50:51-04:00" level=error msg="Error starting rule 0d50982c-7f12-42ad-bdbf-1f8ce26375ba: failed to create materialized view: failed to create materialized view after multiple attempts: code: 60, message: Target stream is not found default.rule_0d50982c_7f12_42ad_bdbf_1f8ce26375ba_results"
{"time":"2025-04-10T20:50:51.425696-04:00","id":"","remote_ip":"::1","host":"localhost:8081","method":"POST","uri":"/api/rules/0d50982c-7f12-42ad-bdbf-1f8ce26375ba/start","user_agent":"curl/8.4.0","status":500,"error":"","latency":7601784959,"latency_human":"7.601784959s","bytes_in":0,"bytes_out":234}
time="2025-04-10T20:51:33-04:00" level=info msg="Shutting down server..."
time="2025-04-10T20:51:33-04:00" level=info msg="Server exited properly"
