time="2025-04-16T12:23:41-04:00" level=info msg="Connecting to Timeplus at localhost:8464 (workspace: default)"
time="2025-04-16T12:23:41-04:00" level=info msg="Connecting to Timeplus native protocol at localhost:8464"
time="2025-04-16T12:23:41-04:00" level=info msg="Alert Gateway: Successfully connected to Timeplus."
time="2025-04-16T12:23:41-04:00" level=info msg="Setting up mutable alert acknowledgments stream"
time="2025-04-16T12:23:41-04:00" level=info msg="Mutable alert acknowledgments stream already exists"
time="2025-04-16T12:23:41-04:00" level=info msg="Starting Alert Monitor service"
time="2025-04-16T12:23:41-04:00" level=info msg="Note: This is now using materialized views to write directly to tp_alert_acks_mutable - no polling is performed"
time="2025-04-16T12:23:41-04:00" level=info msg="Alert Monitor successfully connected to Timeplus"
time="2025-04-16T12:23:41-04:00" level=info msg="Alert monitoring service started"
time="2025-04-16T12:23:41-04:00" level=info msg="Starting server on port 8085"

   ____    __
  / __/___/ /  ___
 / _// __/ _ \/ _ \
/___/\__/_//_/\___/ v4.13.3
High performance, minimalist Go web framework
https://echo.labstack.com
____________________________________O/_______
                                    O\
⇨ http server started on [::]:8085
time="2025-04-16T12:23:54-04:00" level=info msg="Auto-starting newly created rule: E2E Throttle Test"
{"time":"2025-04-16T12:23:54.475825-04:00","id":"","remote_ip":"::1","host":"localhost:8085","method":"POST","uri":"/api/rules","user_agent":"curl/8.4.0","status":201,"error":"","latency":11985208,"latency_human":"11.985208ms","bytes_in":211,"bytes_out":501}
time="2025-04-16T12:23:54-04:00" level=info msg="Setting up mutable alert acknowledgments stream"
time="2025-04-16T12:23:54-04:00" level=info msg="Setting up mutable alert acknowledgments stream"
time="2025-04-16T12:23:54-04:00" level=info msg="Mutable alert acknowledgments stream already exists"
time="2025-04-16T12:23:54-04:00" level=info msg="Setting up result stream: rule_f894fef3-2dff-42cb-864f-8b1b8fb807e6_results"
time="2025-04-16T12:23:54-04:00" level=info msg="Creating results stream: rule_f894fef3-2dff-42cb-864f-8b1b8fb807e6_results"
time="2025-04-16T12:23:54-04:00" level=info msg="Successfully created results stream: rule_f894fef3-2dff-42cb-864f-8b1b8fb807e6_results"
time="2025-04-16T12:23:54-04:00" level=info msg="Creating plain view with query: CREATE VIEW rule_f894fef3_2dff_42cb_864f_8b1b8fb807e6_view AS SELECT * FROM e2e_test_stream WHERE temperature < 20"
time="2025-04-16T12:23:54-04:00" level=warning msg="Query attempt 1 failed: EOF. Retrying..."
time="2025-04-16T12:23:55-04:00" level=warning msg="Query attempt 2 failed: code: 57, message: View default.rule_f894fef3_2dff_42cb_864f_8b1b8fb807e6_view already exists. Retrying..."
time="2025-04-16T12:23:57-04:00" level=warning msg="Query attempt 3 failed: code: 57, message: View default.rule_f894fef3_2dff_42cb_864f_8b1b8fb807e6_view already exists. Retrying..."
time="2025-04-16T12:24:00-04:00" level=error msg="Failed to create plain view: failed to execute query after retries: code: 57, message: View default.rule_f894fef3_2dff_42cb_864f_8b1b8fb807e6_view already exists"
time="2025-04-16T12:24:00-04:00" level=error msg="Failed to auto-start rule f894fef3-2dff-42cb-864f-8b1b8fb807e6: failed to create plain view: failed to execute query after retries: code: 57, message: View default.rule_f894fef3_2dff_42cb_864f_8b1b8fb807e6_view already exists"
