time="2025-04-17T12:43:18-04:00" level=info msg="Connecting to Timeplus at localhost:8464 (workspace: default)"
time="2025-04-17T12:43:18-04:00" level=info msg="Connecting to Timeplus native protocol at localhost:8464"
time="2025-04-17T12:43:18-04:00" level=info msg="Alert Gateway: Successfully connected to Timeplus."
time="2025-04-17T12:43:18-04:00" level=info msg="Stream tp_alert_acks_mutable already exists"
time="2025-04-17T12:43:18-04:00" level=info msg="Successfully executed query with 0 rows"
time="2025-04-17T12:43:18-04:00" level=info msg="Starting Alert Monitor service"
time="2025-04-17T12:43:18-04:00" level=info msg="Note: This is now using materialized views to write directly to tp_alert_acks_mutable - no polling is performed"
time="2025-04-17T12:43:18-04:00" level=info msg="Alert Monitor successfully connected to Timeplus"
time="2025-04-17T12:43:18-04:00" level=info msg="Alert monitoring service started"
time="2025-04-17T12:43:18-04:00" level=info msg="Starting server on port 8083"

   ____    __
  / __/___/ /  ___
 / _// __/ _ \/ _ \
/___/\__/_//_/\___/ v4.13.3
High performance, minimalist Go web framework
https://echo.labstack.com
____________________________________O/_______
                                    O\
⇨ http server started on [::]:8083
time="2025-04-17T12:43:28-04:00" level=info msg="Successfully executed query with 0 rows"
{"time":"2025-04-17T12:43:28.995731-04:00","id":"","remote_ip":"::1","host":"localhost:8083","method":"GET","uri":"/debug/alert_acks","user_agent":"curl/8.4.0","status":200,"error":"","latency":3321459,"latency_human":"3.321459ms","bytes_in":0,"bytes_out":3}
{"time":"2025-04-17T12:43:32.210972-04:00","id":"","remote_ip":"::1","host":"localhost:8083","method":"GET","uri":"/debug/streams","user_agent":"curl/8.4.0","status":200,"error":"","latency":3050459,"latency_human":"3.050459ms","bytes_in":0,"bytes_out":49}
time="2025-04-17T12:43:36-04:00" level=info msg="Shutting down server..."
time="2025-04-17T12:43:36-04:00" level=info msg="Shutting down Alert Monitor service"
time="2025-04-17T12:43:36-04:00" level=info msg="Alert monitor shutdown complete"
time="2025-04-17T12:43:36-04:00" level=info msg="Server exited properly"
